<?xml version="1.0" encoding="UTF-8" ?>
<testsuite failures="0" time="4.131" errors="0" skipped="0" tests="3" name="com.topdesk.si2011.dbgenerator.configurator.ConfigInterpreterTest">
  <properties>
    <property name="java.vendor" value="Sun Microsystems Inc."/>
    <property name="env.SYSTEMROOT" value="C:\WINDOWS"/>
    <property name="localRepository" value="D:\RepositoryDBGenerator\DatabaseGenerator\${env.LOCALAPPDATA}\Maven\Repository"/>
    <property name="env.DEFLOGDIR" value="C:\Documents and Settings\All Users\Application Data\McAfee\DesktopProtection"/>
    <property name="sun.java.launcher" value="SUN_STANDARD"/>
    <property name="sun.management.compiler" value="HotSpot Client Compiler"/>
    <property name="env.PROMPT" value="$P$G"/>
    <property name="os.name" value="Windows XP"/>
    <property name="env.FP_NO_HOST_CHECK" value="NO"/>
    <property name="sun.boot.class.path" value="C:\Program Files\Java\jdk1.6.0_23\jre\lib\resources.jar;C:\Program Files\Java\jdk1.6.0_23\jre\lib\rt.jar;C:\Program Files\Java\jdk1.6.0_23\jre\lib\sunrsasign.jar;C:\Program Files\Java\jdk1.6.0_23\jre\lib\jsse.jar;C:\Program Files\Java\jdk1.6.0_23\jre\lib\jce.jar;C:\Program Files\Java\jdk1.6.0_23\jre\lib\charsets.jar;C:\Program Files\Java\jdk1.6.0_23\jre\lib\modules\jdk.boot.jar;C:\Program Files\Java\jdk1.6.0_23\jre\classes"/>
    <property name="env.COMPUTERNAME" value="PC1503"/>
    <property name="env.ALLUSERSPROFILE" value="C:\Documents and Settings\All Users"/>
    <property name="sun.desktop" value="windows"/>
    <property name="java.vm.specification.vendor" value="Sun Microsystems Inc."/>
    <property name="java.runtime.version" value="1.6.0_23-b05"/>
    <property name="env.HOMEPATH" value="\"/>
    <property name="env.HOMESHARE" value="\\Isabelle\Home$\LaurenH"/>
    <property name="user.name" value="laurenh"/>
    <property name="env.PATH" value="C:\WINDOWS\system32;C:\WINDOWS;C:\WINDOWS\System32\Wbem;C:\Program Files\ATI Technologies\ATI.ACE\Core-Static;D:\maven\apache-maven-3.0.3\bin;C:\Program Files\Java\jdk1.6.0_23\bin;C:\Program Files\TortoiseHg\"/>
    <property name="user.language" value="nl"/>
    <property name="env.WINDIR" value="C:\WINDOWS"/>
    <property name="sun.boot.library.path" value="C:\Program Files\Java\jdk1.6.0_23\jre\bin"/>
    <property name="classworlds.conf" value="D:\maven\apache-maven-3.0.3\bin\m2.conf"/>
    <property name="java.version" value="1.6.0_23"/>
    <property name="env.PROCESSOR_IDENTIFIER" value="x86 Family 6 Model 23 Stepping 10, GenuineIntel"/>
    <property name="user.timezone" value="Europe/Berlin"/>
    <property name="env.CLIENTNAME" value="Console"/>
    <property name="env.TEMP" value="C:\DOCUME~1\laurenh\LOCALS~1\Temp"/>
    <property name="sun.arch.data.model" value="32"/>
    <property name="java.endorsed.dirs" value="C:\Program Files\Java\jdk1.6.0_23\jre\lib\endorsed"/>
    <property name="env.VSEDEFLOGDIR" value="C:\Documents and Settings\All Users\Application Data\McAfee\DesktopProtection"/>
    <property name="sun.cpu.isalist" value="pentium_pro+mmx pentium_pro pentium+mmx pentium i486 i386 i86"/>
    <property name="env.HOMEDRIVE" value="H:"/>
    <property name="sun.jnu.encoding" value="Cp1252"/>
    <property name="file.encoding.pkg" value="sun.io"/>
    <property name="env.SYSTEMDRIVE" value="C:"/>
    <property name="file.separator" value="\"/>
    <property name="java.specification.name" value="Java Platform API Specification"/>
    <property name="java.class.version" value="50.0"/>
    <property name="user.country" value="NL"/>
    <property name="java.home" value="C:\Program Files\Java\jdk1.6.0_23\jre"/>
    <property name="env.APPDATA" value="C:\Documents and Settings\laurenh\Application Data"/>
    <property name="java.vm.info" value="mixed mode, sharing"/>
    <property name="env.OS" value="Windows_NT"/>
    <property name="os.version" value="5.1"/>
    <property name="path.separator" value=";"/>
    <property name="java.vm.version" value="19.0-b09"/>
    <property name="env.USERPROFILE" value="C:\Documents and Settings\laurenh"/>
    <property name="user.variant" value=""/>
    <property name="env.JAVA_HOME" value="C:\Program Files\Java\jdk1.6.0_23"/>
    <property name="java.awt.printerjob" value="sun.awt.windows.WPrinterJob"/>
    <property name="env.TMP" value="C:\DOCUME~1\laurenh\LOCALS~1\Temp"/>
    <property name="env.PROGRAMFILES" value="C:\Program Files"/>
    <property name="sun.io.unicode.encoding" value="UnicodeLittle"/>
    <property name="awt.toolkit" value="sun.awt.windows.WToolkit"/>
    <property name="user.home" value="C:\Documents and Settings\laurenh"/>
    <property name="env.COMMONPROGRAMFILES" value="C:\Program Files\Common Files"/>
    <property name="env.=EXITCODE" value="00000001"/>
    <property name="env.SESSIONNAME" value="Console"/>
    <property name="java.specification.vendor" value="Sun Microsystems Inc."/>
    <property name="env.M2_HOME" value="D:\maven\apache-maven-3.0.3"/>
    <property name="env.NUMBER_OF_PROCESSORS" value="4"/>
    <property name="java.library.path" value="C:\Program Files\Java\jdk1.6.0_23\bin;.;C:\WINDOWS\Sun\Java\bin;C:\WINDOWS\system32;C:\WINDOWS;C:\WINDOWS\system32;C:\WINDOWS;C:\WINDOWS\System32\Wbem;C:\Program Files\ATI Technologies\ATI.ACE\Core-Static;D:\maven\apache-maven-3.0.3\bin;C:\Program Files\Java\jdk1.6.0_23\bin;C:\Program Files\TortoiseHg\"/>
    <property name="java.vendor.url" value="http://java.sun.com/"/>
    <property name="env.USERDNSDOMAIN" value="TIS.LOCAL"/>
    <property name="env.CLASSWORLDS_LAUNCHER" value="org.codehaus.plexus.classworlds.launcher.Launcher"/>
    <property name="env.MAVEN_CMD_LINE_ARGS" value="package"/>
    <property name="java.vm.vendor" value="Sun Microsystems Inc."/>
    <property name="maven.home" value="D:\maven\apache-maven-3.0.3"/>
    <property name="java.runtime.name" value="Java(TM) SE Runtime Environment"/>
    <property name="java.class.path" value="D:\maven\apache-maven-3.0.3\boot\plexus-classworlds-2.4.jar"/>
    <property name="env.MAVEN_JAVA_EXE" value="&quot;C:\Program Files\Java\jdk1.6.0_23\bin\java.exe&quot;"/>
    <property name="java.vm.specification.name" value="Java Virtual Machine Specification"/>
    <property name="env.LOGONSERVER" value="\\NIENKE"/>
    <property name="java.vm.specification.version" value="1.0"/>
    <property name="env.PROCESSOR_ARCHITECTURE" value="x86"/>
    <property name="sun.os.patch.level" value="Service Pack 3"/>
    <property name="sun.cpu.endian" value="little"/>
    <property name="env.HOME" value="H:\"/>
    <property name="surefire.test.class.path" value="D:\RepositoryDBGenerator\DatabaseGenerator\target\test-classes;D:\RepositoryDBGenerator\DatabaseGenerator\target\classes;D:\RepositoryDBGenerator\DatabaseGenerator\${env.LOCALAPPDATA}\Maven\Repository\apache-lang\commons-lang\2.0\commons-lang-2.0.jar;D:\RepositoryDBGenerator\DatabaseGenerator\${env.LOCALAPPDATA}\Maven\Repository\org\jdom\jdom\1.1\jdom-1.1.jar;D:\RepositoryDBGenerator\DatabaseGenerator\${env.LOCALAPPDATA}\Maven\Repository\org\mod4j\org\apache\commons\lang\2.1.0\lang-2.1.0.jar;D:\RepositoryDBGenerator\DatabaseGenerator\${env.LOCALAPPDATA}\Maven\Repository\com\google\collections\google-collections\1.0\google-collections-1.0.jar;D:\RepositoryDBGenerator\DatabaseGenerator\${env.LOCALAPPDATA}\Maven\Repository\junit\junit\4.8.2\junit-4.8.2.jar;D:\RepositoryDBGenerator\DatabaseGenerator\${env.LOCALAPPDATA}\Maven\Repository\com\google\code\gson\gson\1.7.1\gson-1.7.1.jar;D:\RepositoryDBGenerator\DatabaseGenerator\${env.LOCALAPPDATA}\Maven\Repository\org\slf4j\slf4j-api\1.6.1\slf4j-api-1.6.1.jar;D:\RepositoryDBGenerator\DatabaseGenerator\${env.LOCALAPPDATA}\Maven\Repository\ch\qos\logback\logback-core\0.9.29\logback-core-0.9.29.jar;D:\RepositoryDBGenerator\DatabaseGenerator\${env.LOCALAPPDATA}\Maven\Repository\ch\qos\logback\logback-classic\0.9.29\logback-classic-0.9.29.jar;"/>
    <property name="java.io.tmpdir" value="C:\DOCUME~1\laurenh\LOCALS~1\Temp\"/>
    <property name="env.PROCESSOR_REVISION" value="170a"/>
    <property name="java.vendor.url.bug" value="http://java.sun.com/cgi-bin/bugreport.cgi"/>
    <property name="env.COMSPEC" value="C:\WINDOWS\system32\cmd.exe"/>
    <property name="java.awt.graphicsenv" value="sun.awt.Win32GraphicsEnvironment"/>
    <property name="os.arch" value="x86"/>
    <property name="java.ext.dirs" value="C:\Program Files\Java\jdk1.6.0_23\jre\lib\ext;C:\WINDOWS\Sun\Java\lib\ext"/>
    <property name="env.=D:" value="D:\RepositoryDBGenerator\DatabaseGenerator"/>
    <property name="user.dir" value="D:\RepositoryDBGenerator\DatabaseGenerator"/>
    <property name="line.separator" value="
"/>
    <property name="java.vm.name" value="Java HotSpot(TM) Client VM"/>
    <property name="env.CLASSWORLDS_JAR" value="&quot;D:\maven\apache-maven-3.0.3\boot\plexus-classworlds-2.4.jar&quot;"/>
    <property name="env.PATHEXT" value=".COM;.EXE;.BAT;.CMD;.VBS;.VBE;.JS;.JSE;.WSF;.WSH"/>
    <property name="basedir" value="D:\RepositoryDBGenerator\DatabaseGenerator"/>
    <property name="env.ERROR_CODE" value="0"/>
    <property name="env.M2" value="D:\maven\apache-maven-3.0.3\bin"/>
    <property name="env.USERNAME" value="laurenh"/>
    <property name="file.encoding" value="Cp1252"/>
    <property name="env.USERDOMAIN" value="TIS"/>
    <property name="java.specification.version" value="1.6"/>
    <property name="env.PROCESSOR_LEVEL" value="6"/>
  </properties>
  <testcase time="3.445" classname="com.topdesk.si2011.dbgenerator.configurator.ConfigInterpreterTest" name="testGenerateConfigByStructure"/>
  <testcase time="0.358" classname="com.topdesk.si2011.dbgenerator.configurator.ConfigInterpreterTest" name="testCreateConfigReader"/>
  <testcase time="0.312" classname="com.topdesk.si2011.dbgenerator.configurator.ConfigInterpreterTest" name="testCreateConfigWriter"/>
</testsuite>